2025-01-13 12:23:06.996, Program Started
2025-01-13 12:23:07.129, .226000
2025-01-13 12:23:07.202, Z Accel:, 1021.567000
2025-01-13 12:23:07.261, X Accel:, -2.989000
2025-01-13 12:23:07.327, Y Accel:, 17.080000
2025-01-13 12:23:07.399, Z Accel:, 1022.604000
2025-01-13 12:23:07.465, X Accel:, -3.294000
2025-01-13 12:23:07.525, Y Accel:, 18.056000
2025-01-13 12:23:07.598, Z Accel:, 1021.323000
2025-01-13 12:23:07.664, X Accel:, -3.233000
2025-01-13 12:23:07.723, Y Accel:, 17.690000
2025-01-13 12:23:07.795, Z Accel:, 1022.543000
2025-01-13 12:23:07.861, X Accel:, -3.233000
2025-01-13 12:23:07.921, Y Accel:, 17.568000
2025-01-13 12:23:07.994, Z Accel:, 1021.262000
2025-01-13 12:23:08.061, X Accel:, -2.379000
2025-01-13 12:23:08.127, Y Accel:, 16.897000
2025-01-13 12:23:08.192, Z Accel:, 1021.506000
2025-01-13 12:23:08.259, X Accel:, -3.904000
2025-01-13 12:23:08.324, Y Accel:, 16.043000
2025-01-13 12:23:08.391, Z Accel:, 1020.652000
2025-01-13 12:23:08.457, X Accel:, -1.708000
2025-01-13 12:23:08.522, Y Accel:, 16.775000
2025-01-13 12:23:08.595, Z Accel:, 1021.933000
2025-01-13 12:23:08.655, X Accel:, -2.745000
2025-01-13 12:23:08.721, Y Accel:, 16.165000
2025-01-13 12:23:08.787, Z Accel:, -7.808000
2025-01-13 12:23:08.847, X Accel:, -1.403000
2025-01-13 12:23:08.912, Y Accel:, 18.117000
2025-01-13 12:23:08.984, Z Accel:, 1021.933000
2025-01-13 12:23:09.044, X Accel:, -2.196000
2025-01-13 12:23:09.111, Y Accel:, 18.056000
2025-01-13 12:23:09.183, Z Accel:, 1020.713000
2025-01-13 12:23:09.249, X Accel:, -3.904000
2025-01-13 12:23:09.309, Y Accel:, 16.836000
2025-01-13 12:23:09.375, Z Accel:, -7.442000
2025-01-13 12:23:09.441, X Accel:, -2.562000
2025-01-13 12:23:09.501, Y Accel:, 17.995000
2025-01-13 12:23:09.572, Z Accel:, 1021.201000
2025-01-13 12:23:09.639, X Accel:, -1.830000
2025-01-13 12:23:09.699, Y Accel:, 17.751000
2025-01-13 12:23:09.771, Z Accel:, 1021.872000
2025-01-13 12:23:09.837, X Accel:, -1.830000
2025-01-13 12:23:09.903, Y Accel:, 16.653000
2025-01-13 12:23:09.969, Z Accel:, 1021.689000
2025-01-13 12:23:10.034, X Accel:, -3.416000
2025-01-13 12:23:10.101, Y Accel:, 16.714000
2025-01-13 12:23:10.167, Z Accel:, 1021.872000
2025-01-13 12:23:10.233, X Accel:, -3.477000
2025-01-13 12:23:10.299, Y Accel:, 16.226000
2025-01-13 12:23:10.371, Z Accel:, 1022.482000
2025-01-13 12:23:10.431, X Accel:, -2.562000
2025-01-13 12:23:10.497, Y Accel:, 17.019000
2025-01-13 12:23:10.569, Z Accel:, 1019.798000
2025-01-13 12:23:10.629, X Accel:, -1.952000
2025-01-13 12:23:10.694, Y Accel:, 16.409000
2025-01-13 12:23:10.767, Z Accel:, 1020.774000
2025-01-13 12:23:10.833, X Accel:, -2.013000
2025-01-13 12:23:10.893, Y Accel:, 16.897000
2025-01-13 12:23:10.965, Z Accel:, 1021.567000
2025-01-13 12:23:11.031, X Accel:, -1.952000
2025-01-13 12:23:11.091, Y Accel:, 16.226000
2025-01-13 12:23:11.163, Z Accel:, 1021.628000
2025-01-13 12:23:11.228, X Accel:, -1.891000
2025-01-13 12:23:11.288, Y Accel:, 17.019000
2025-01-13 12:23:11.361, Z Accel:, 1020.530000
2025-01-13 12:23:11.427, X Accel:, -1.769000
2025-01-13 12:23:11.492, Y Accel:, 17.812000
2025-01-13 12:23:11.558, Z Accel:, 1021.628000
2025-01-13 12:23:11.625, X Accel:, -2.806000
2025-01-13 12:23:11.691, Y Accel:, 16.958000
2025-01-13 12:23:11.763, Z Accel:, 1020.896000
2025-01-13 12:23:11.824, X Accel:, -3.477000
2025-01-13 12:23:11.891, Y Accel:, 17.080000
2025-01-13 12:23:11.963, Z Accel:, 1021.079000
2025-01-13 12:23:12.023, X Accel:, -3.050000
2025-01-13 12:23:12.089, Y Accel:, 17.568000
2025-01-13 12:23:12.161, Z Accel:, 1019.676000
2025-01-13 12:23:12.227, X Accel:, -4.453000
2025-01-13 12:23:12.288, Y Accel:, 17.873000
2025-01-13 12:23:12.360, Z Accel:, 1022.787000
2025-01-13 12:23:12.425, X Accel:, -2.135000
2025-01-13 12:23:12.486, Y Accel:, 16.836000
2025-01-13 12:23:12.558, Z Accel:, 1020.469000
2025-01-13 12:23:12.624, X Accel:, -4.331000
2025-01-13 12:23:12.691, Y Accel:, 17.080000
2025-01-13 12:23:12.757, Z Accel:, 1022.055000
2025-01-13 12:23:12.824, X Accel:, -4.026000
2025-01-13 12:23:12.890, Y Accel:, 17.873000
2025-01-13 12:23:12.957, Z Accel:, 1021.445000
2025-01-13 12:23:13.023, X Accel:, -3.660000
2025-01-13 12:23:13.089, Y Accel:, 18.239000
2025-01-13 12:23:13.161, Z Accel:, 1020.591000
2025-01-13 12:23:13.221, X Accel:, -3.355000
2025-01-13 12:23:13.288, Y Accel:, 17.263000
2025-01-13 12:23:13.360, Z Accel:, 1021.750000
2025-01-13 12:23:13.420, X Accel:, -3.294000
2025-01-13 12:23:13.487, Y Accel:, 16.165000
2025-01-13 12:23:13.559, Z Accel:, 1022.787000
2025-01-13 12:23:13.626, X Accel:, -2.623000
2025-01-13 12:23:13.687, Y Accel:, 18.727000
2025-01-13 12:23:13.759, Z Accel:, 1020.896000
2025-01-13 12:23:13.826, X Accel:, -3.233000
2025-01-13 12:23:13.886, Y Accel:, 16.775000
2025-01-13 12:23:13.958, Z Accel:, 1020.225000
2025-01-13 12:23:14.024, X Accel:, -4.148000
2025-01-13 12:23:14.090, Y Accel:, 16.653000
2025-01-13 12:23:14.150, Z Accel:, -7.625000
2025-01-13 12:23:14.217, X Accel:, -4.392000
2025-01-13 12:23:14.283, Y Accel:, 17.446000
2025-01-13 12:23:14.349, Z Accel:, 1021.323000
2025-01-13 12:23:14.415, X Accel:, -3.233000
2025-01-13 12:23:14.481, Y Accel:, 15.677000
2025-01-13 12:23:14.542, Z Accel:, -7.259000
2025-01-13 12:23:14.608, X Accel:, -2.684000
2025-01-13 12:23:14.674, Y Accel:, 18.544000
2025-01-13 12:23:14.746, Z Accel:, 1018.395000
2025-01-13 12:23:14.806, X Accel:, -2.196000
2025-01-13 12:23:14.872, Y Accel:, 17.202000
2025-01-13 12:23:14.943, Z Accel:, 1021.689000
2025-01-13 12:23:15.004, X Accel:, -2.440000
2025-01-13 12:23:15.070, Y Accel:, 19.642000
2025-01-13 12:23:15.142, Z Accel:, 1019.676000
2025-01-13 12:23:15.202, X Accel:, -2.440000
2025-01-13 12:23:15.268, Y Accel:, 18.727000
2025-01-13 12:23:15.341, Z Accel:, 1022.299000
2025-01-13 12:23:15.406, X Accel:, -1.952000
2025-01-13 12:23:15.466, Y Accel:, 17.202000
2025-01-13 12:23:15.538, Z Accel:, 1021.872000
2025-01-13 12:23:15.604, X Accel:, -1.464000
2025-01-13 12:23:15.664, Y Accel:, 16.897000
2025-01-13 12:23:15.736, Z Accel:, 1018.517000
2025-01-13 12:23:15.802, X Accel:, -3.538000
2025-01-13 12:23:15.868, Y Accel:, -1.464000
2025-01-13 12:23:15.934, Z Accel:, 1022.787000
2025-01-13 12:23:16.001, X Accel:, -2.440000
2025-01-13 12:23:16.066, Y Accel:, -1.525000
2025-01-13 12:23:16.132, Z Accel:, 1017.236000
2025-01-13 12:23:16.202, X Accel:, -12.078000
2025-01-13 12:23:16.268, Y Accel:, -3.050000
2025-01-13 12:23:16.340, Z Accel:, 1017.602000
2025-01-13 12:23:16.400, X Accel:, -6.527000
2025-01-13 12:23:16.462, Y Accel:, 6.283000
2025-01-13 12:23:16.534, Z Accel:, 1019.798000
2025-01-13 12:23:16.594, X Accel:, -6.893000
2025-01-13 12:23:16.661, Y Accel:, 16.226000
2025-01-13 12:23:16.727, Z Accel:, -4.941000
2025-01-13 12:23:16.788, X Accel:, -1.464000
2025-01-13 12:23:16.853, Y Accel:, 15.982000
2025-01-13 12:23:16.925, Z Accel:, 1022.665000
2025-01-13 12:23:16.992, X Accel:, -1.647000
2025-01-13 12:23:17.052, Y Accel:, 16.165000
2025-01-13 12:23:17.124, Z Accel:, 1021.384000
2025-01-13 12:23:17.190, X Accel:, -1.891000
2025-01-13 12:23:17.251, Y Accel:, 16.592000
2025-01-13 12:23:17.323, Z Accel:, 1021.567000
2025-01-13 12:23:17.390, X Accel:, -3.660000
2025-01-13 12:23:17.456, Y Accel:, 16.958000
2025-01-13 12:23:17.522, Z Accel:, 1020.347000
2025-01-13 12:23:17.587, X Accel:, -3.355000
2025-01-13 12:23:17.654, Y Accel:, 18.361000
2025-01-13 12:23:17.720, Z Accel:, 1022.604000
2025-01-13 12:23:17.787, X Accel:, -1.647000
2025-01-13 12:23:17.852, Y Accel:, 18.666000
2025-01-13 12:23:17.924, Z Accel:, 1019.676000
2025-01-13 12:23:17.985, X Accel:, -0.671000
2025-01-13 12:23:18.051, Y Accel:, 17.446000
2025-01-13 12:23:18.123, Z Accel:, 1021.201000
2025-01-13 12:23:18.182, X Accel:, -1.098000
2025-01-13 12:23:18.248, Y Accel:, 17.202000
2025-01-13 12:23:18.321, Z Accel:, 1020.713000
2025-01-13 12:23:18.386, X Accel:, -1.586000
2025-01-13 12:23:18.447, Y Accel:, 17.446000
2025-01-13 12:23:18.519, Z Accel:, 1020.591000
2025-01-13 12:23:18.584, X Accel:, -2.013000
2025-01-13 12:23:18.644, Y Accel:, 17.995000
2025-01-13 12:23:18.717, Z Accel:, 1022.116000
2025-01-13 12:23:18.782, X Accel:, -1.281000
2025-01-13 12:23:18.842, Y Accel:, 18.056000
2025-01-13 12:23:18.914, Z Accel:, 1018.639000
2025-01-13 12:23:18.981, X Accel:, -1.525000
2025-01-13 12:23:19.047, Y Accel:, -1.647000
2025-01-13 12:23:19.113, Z Accel:, 1021.872000
2025-01-13 12:23:19.180, X Accel:, -1.464000
2025-01-13 12:23:19.245, Y Accel:, 16.958000
2025-01-13 12:23:19.319, Z Accel:, 1021.018000
2025-01-13 12:23:19.379, X Accel:, -0.122000
2025-01-13 12:23:19.445, Y Accel:, 17.385000
2025-01-13 12:23:19.517, Z Accel:, 1021.750000
2025-01-13 12:23:19.576, X Accel:, -0.122000
2025-01-13 12:23:19.643, Y Accel:, 18.910000
2025-01-13 12:23:19.715, Z Accel:, 1020.713000
2025-01-13 12:23:19.775, X Accel:, -0.976000
2025-01-13 12:23:19.841, Y Accel:, 17.446000
2025-01-13 12:23:19.913, Z Accel:, 1021.079000
2025-01-13 12:23:19.979, X Accel:, -0.854000
2025-01-13 12:23:20.039, Y Accel:, 18.361000
2025-01-13 12:23:20.111, Z Accel:, 1020.835000
2025-01-13 12:23:20.178, X Accel:, -0.427000
2025-01-13 12:23:20.238, Y Accel:, 16.531000
2025-01-13 12:23:20.310, Z Accel:, 1020.591000
2025-01-13 12:23:20.376, X Accel:, -2.074000
2025-01-13 12:23:20.442, Y Accel:, 17.141000
2025-01-13 12:23:20.507, Z Accel:, 1020.591000
2025-01-13 12:23:20.574, X Accel:, -3.050000
2025-01-13 12:23:20.640, Y Accel:, 16.104000
2025-01-13 12:23:20.706, Z Accel:, 1020.835000
2025-01-13 12:23:20.771, X Accel:, -2.257000
2025-01-13 12:23:20.838, Y Accel:, 15.982000
2025-01-13 12:23:20.910, Z Accel:, 1020.469000
2025-01-13 12:23:20.970, X Accel:, -1.830000
2025-01-13 12:23:21.036, Y Accel:, 17.812000
2025-01-13 12:23:21.108, Z Accel:, 1020.896000
2025-01-13 12:23:21.168, X Accel:, -2.440000
2025-01-13 12:23:21.234, Y Accel:, 17.080000
2025-01-13 12:23:21.306, Z Accel:, 1020.469000
2025-01-13 12:23:21.366, X Accel:, -1.464000
2025-01-13 12:23:21.432, Y Accel:, 17.080000
2025-01-13 12:23:21.499, Z Accel:, -7.747000
2025-01-13 12:23:21.558, X Accel:, -3.965000
2025-01-13 12:23:21.625, Y Accel:, 16.531000
2025-01-13 12:23:21.691, Z Accel:, -7.320000
2025-01-13 12:23:21.758, X Accel:, -5.978000
2025-01-13 12:23:21.817, Y Accel:, 20.801000
2025-01-13 12:23:21.884, Z Accel:, -2.379000
2025-01-13 12:23:21.950, X Accel:, -3.416000
2025-01-13 12:23:22.010, Y Accel:, 17.873000
2025-01-13 12:23:22.082, Z Accel:, 1019.371000
2025-01-13 12:23:22.148, X Accel:, -6.100000
2025-01-13 12:23:22.208, Y Accel:, 18.544000
2025-01-13 12:23:22.280, Z Accel:, 1017.907000
2025-01-13 12:23:22.346, X Accel:, -5.795000
2025-01-13 12:23:22.412, Y Accel:, 20.130000
2025-01-13 12:23:22.478, Z Accel:, 1021.384000
2025-01-13 12:23:22.547, X Accel:, -23.851000
2025-01-13 12:23:22.613, Y Accel:, 19.581000
2025-01-13 12:23:22.679, Z Accel:, 1020.713000
2025-01-13 12:23:22.748, X Accel:, -23.912000
2025-01-13 12:23:22.813, Y Accel:, 20.313000
2025-01-13 12:23:22.880, Z Accel:, -6.283000
2025-01-13 12:23:22.943, X Accel:, -25.620000
2025-01-13 12:23:23.009, Y Accel:, 20.557000
2025-01-13 12:23:23.075, Z Accel:, -7.259000
2025-01-13 12:23:23.138, X Accel:, -23.668000
2025-01-13 12:23:23.204, Y Accel:, 19.337000
2025-01-13 12:23:23.276, Z Accel:, 1021.140000
2025-01-13 12:23:23.336, X Accel:, -6.283000
2025-01-13 12:23:23.402, Y Accel:, 18.300000
2025-01-13 12:23:23.468, Z Accel:, -6.954000
2025-01-13 12:23:23.534, X Accel:, -5.124000
2025-01-13 12:23:23.594, Y Accel:, 19.093000
2025-01-13 12:23:23.660, Z Accel:, -7.259000
2025-01-13 12:23:23.727, X Accel:, -3.538000
2025-01-13 12:23:23.787, Y Accel:, 16.409000
2025-01-13 12:23:23.853, Z Accel:, -6.649000
2025-01-13 12:23:23.919, X Accel:, -2.989000
2025-01-13 12:23:23.979, Y Accel:, 16.836000
2025-01-13 12:23:24.052, Z Accel:, 1020.713000
2025-01-13 12:23:24.118, X Accel:, -2.013000
2025-01-13 12:23:24.185, Y Accel:, 16.775000
2025-01-13 12:23:24.251, Z Accel:, 1017.053000
2025-01-13 12:23:24.318, X Accel:, -2.318000
2025-01-13 12:23:24.384, Y Accel:, 16.165000
2025-01-13 12:23:24.456, Z Accel:, 1019.920000
2025-01-13 12:23:24.516, X Accel:, -1.037000
2025-01-13 12:23:24.582, Y Accel:, 15.799000
2025-01-13 12:23:24.654, Z Accel:, 1022.055000
2025-01-13 12:23:24.716, X Accel:, -1.281000
2025-01-13 12:23:24.782, Y Accel:, 16.592000
2025-01-13 12:23:24.848, Z Accel:, -7.198000
2025-01-13 12:23:24.909, X Accel:, -1.586000
2025-01-13 12:23:24.974, Y Accel:, 16.348000
2025-01-13 12:23:25.047, Z Accel:, 1020.225000
2025-01-13 12:23:25.115, X Accel:, -15.555000
2025-01-13 12:23:25.175, Y Accel:, 17.019000
2025-01-13 12:23:25.248, Z Accel:, 1021.933000
2025-01-13 12:23:25.314, X Accel:, -0.427000
2025-01-13 12:23:25.374, Y Accel:, 18.178000
2025-01-13 12:23:25.445, Z Accel:, 1021.994000
2025-01-13 12:23:25.514, X Accel:, -15.067000
2025-01-13 12:23:25.581, Y Accel:, 17.995000
2025-01-13 12:23:25.648, Z Accel:, 1020.164000
2025-01-13 12:23:25.714, X Accel:, -1.403000
2025-01-13 12:23:25.781, Y Accel:, 16.470000
2025-01-13 12:23:25.848, Z Accel:, 1021.689000
2025-01-13 12:23:25.914, X Accel:, -1.403000
2025-01-13 12:23:25.980, Y Accel:, -0.183000
2025-01-13 12:23:26.053, Z Accel:, 1019.188000
2025-01-13 12:23:26.114, X Accel:, -1.159000
2025-01-13 12:23:26.180, Y Accel:, 17.324000
2025-01-13 12:23:26.253, Z Accel:, 1021.140000
2025-01-13 12:23:26.312, X Accel:, -2.013000
2025-01-13 12:23:26.379, Y Accel:, 16.897000
2025-01-13 12:23:26.451, Z Accel:, 1019.493000
2025-01-13 12:23:26.518, X Accel:, -4.331000
2025-01-13 12:23:26.579, Y Accel:, 16.531000
2025-01-13 12:23:26.644, Z Accel:, -7.076000
2025-01-13 12:23:26.711, X Accel:, -4.758000
2025-01-13 12:23:26.771, Y Accel:, -0.854000
2025-01-13 12:23:26.844, Z Accel:, 1021.994000
2025-01-13 12:23:26.910, X Accel:, -6.100000
2025-01-13 12:23:26.971, Y Accel:, 16.409000
2025-01-13 12:23:27.042, Z Accel:, 1022.482000
2025-01-13 12:23:27.108, X Accel:, -5.795000
2025-01-13 12:23:27.174, Y Accel:, 17.995000
2025-01-13 12:23:27.241, Z Accel:, 1020.896000
2025-01-13 12:23:27.307, X Accel:, -6.344000
2025-01-13 12:23:27.372, Y Accel:, 16.470000
2025-01-13 12:23:27.433, Z Accel:, -6.527000
2025-01-13 12:23:27.499, X Accel:, -6.405000
2025-01-13 12:23:27.564, Y Accel:, 16.714000
2025-01-13 12:23:27.631, Z Accel:, 1021.140000
2025-01-13 12:23:27.697, X Accel:, -7.625000
2025-01-13 12:23:27.763, Y Accel:, 16.592000
2025-01-13 12:23:27.835, Z Accel:, 1021.994000
2025-01-13 12:23:27.894, X Accel:, -5.551000
2025-01-13 12:23:27.961, Y Accel:, 16.836000
2025-01-13 12:23:28.034, Z Accel:, 1019.127000
2025-01-13 12:23:28.094, X Accel:, -4.758000
2025-01-13 12:23:28.159, Y Accel:, 16.043000
2025-01-13 12:23:28.225, Z Accel:, -7.076000
2025-01-13 12:23:28.285, X Accel:, -3.599000
2025-01-13 12:23:28.352, Y Accel:, 15.860000
2025-01-13 12:23:28.418, Z Accel:, -5.856000
2025-01-13 12:23:28.483, X Accel:, -3.355000
2025-01-13 12:23:28.544, Y Accel:, -0.427000
2025-01-13 12:23:28.616, Z Accel:, 1019.737000
2025-01-13 12:23:28.682, X Accel:, -4.026000
2025-01-13 12:23:28.742, Y Accel:, 18.361000
2025-01-13 12:23:28.814, Z Accel:, 1019.188000
2025-01-13 12:23:28.880, X Accel:, -4.148000
2025-01-13 12:23:28.946, Y Accel:, 19.093000
2025-01-13 12:23:29.012, Z Accel:, 1020.347000
2025-01-13 12:23:29.078, X Accel:, -2.684000
2025-01-13 12:23:29.144, Y Accel:, 18.361000
2025-01-13 12:23:29.204, Z Accel:, -5.429000
2025-01-13 12:23:29.270, X Accel:, -2.623000
2025-01-13 12:23:29.336, Y Accel:, 16.897000
2025-01-13 12:23:29.402, Z Accel:, 1022.360000
2025-01-13 12:23:29.468, X Accel:, -1.098000
2025-01-13 12:23:29.534, Y Accel:, 17.141000
2025-01-13 12:23:29.606, Z Accel:, 1021.201000
2025-01-13 12:23:29.669, X Accel:, -14.640000
2025-01-13 12:23:29.735, Y Accel:, 18.300000
2025-01-13 12:23:29.807, Z Accel:, 1019.859000
2025-01-13 12:23:29.870, X Accel:, -15.189000
2025-01-13 12:23:29.936, Y Accel:, 20.557000
2025-01-13 12:23:30.008, Z Accel:, 1020.835000
2025-01-13 12:23:30.077, X Accel:, -13.725000
2025-01-13 12:23:30.138, Y Accel:, 19.642000
2025-01-13 12:23:30.210, Z Accel:, 1021.201000
2025-01-13 12:23:30.279, X Accel:, -14.396000
2025-01-13 12:23:30.339, Y Accel:, 19.764000
2025-01-13 12:23:30.411, Z Accel:, 1021.140000
2025-01-13 12:23:30.480, X Accel:, -14.579000
2025-01-13 12:23:30.546, Y Accel:, 20.374000
2025-01-13 12:23:30.612, Z Accel:, 1018.944000
2025-01-13 12:23:30.682, X Accel:, -13.786000
2025-01-13 12:23:30.748, Y Accel:, 17.873000
2025-01-13 12:23:30.819, Z Accel:, 1020.530000
2025-01-13 12:23:30.879, X Accel:, -0.671000
2025-01-13 12:23:30.945, Y Accel:, -0.366000
2025-01-13 12:23:31.018, Z Accel:, 1020.896000
2025-01-13 12:23:31.078, X Accel:, -0.549000
2025-01-13 12:23:31.144, Y Accel:, 20.313000
2025-01-13 12:23:31.210, Z Accel:, -6.832000
2025-01-13 12:23:31.272, X Accel:, -14.396000
2025-01-13 12:23:31.339, Y Accel:, 18.727000
2025-01-13 12:23:31.405, Z Accel:, -7.808000
2025-01-13 12:23:31.468, X Accel:, -15.311000
2025-01-13 12:23:31.534, Y Accel:, 18.300000
2025-01-13 12:23:31.605, Z Accel:, 1020.042000
2025-01-13 12:23:31.666, X Accel:, -0.061000
2025-01-13 12:23:31.732, Y Accel:, -0.427000
2025-01-13 12:23:31.798, Z Accel:, -7.747000
2025-01-13 12:23:31.864, X Accel:, -2.135000
2025-01-13 12:23:31.924, Y Accel:, 17.751000
2025-01-13 12:23:31.997, Z Accel:, 1015.833000
2025-01-13 12:23:32.063, X Accel:, -1.403000
2025-01-13 12:23:32.123, Y Accel:, -0.427000
2025-01-13 12:23:32.189, Z Accel:, -3.721000
2025-01-13 12:23:32.255, X Accel:, -3.782000
2025-01-13 12:23:32.315, Y Accel:, -1.342000
2025-01-13 12:23:32.381, Z Accel:, -6.649000
2025-01-13 12:23:32.447, X Accel:, -4.331000
2025-01-13 12:23:32.507, Y Accel:, 17.446000
2025-01-13 12:23:32.573, Z Accel:, -3.477000
2025-01-13 12:23:32.640, X Accel:, -6.039000
2025-01-13 12:23:32.706, Y Accel:, 18.300000
2025-01-13 12:23:32.766, Z Accel:, -5.002000
2025-01-13 12:23:32.832, X Accel:, -6.710000
2025-01-13 12:23:32.898, Y Accel:, -2.013000
2025-01-13 12:23:32.958, Z Accel:, -4.148000
2025-01-13 12:23:33.024, X Accel:, -7.503000
2025-01-13 12:23:33.091, Y Accel:, -5.246000
2025-01-13 12:23:33.157, Z Accel:, 1021.933000
2025-01-13 12:23:33.224, X Accel:, -6.893000
2025-01-13 12:23:33.290, Y Accel:, 17.873000
2025-01-13 12:23:33.358, Z Accel:, -7.076000
2025-01-13 12:23:33.422, X Accel:, -26.108000
2025-01-13 12:23:33.489, Y Accel:, -1.037000
2025-01-13 12:23:33.555, Z Accel:, -6.161000
2025-01-13 12:23:33.619, X Accel:, -29.585000
2025-01-13 12:23:33.684, Y Accel:, -6.954000
2025-01-13 12:23:33.751, Z Accel:, -6.771000
2025-01-13 12:23:33.814, X Accel:, -28.731000
2025-01-13 12:23:33.881, Y Accel:, -4.453000
2025-01-13 12:23:33.948, Z Accel:, -7.076000
2025-01-13 12:23:34.017, X Accel:, -26.108000
2025-01-13 12:23:34.077, Y Accel:, -0.305000
2025-01-13 12:23:34.150, Z Accel:, 1017.114000
2025-01-13 12:23:34.219, X Accel:, -24.034000
2025-01-13 12:23:34.278, Y Accel:, 20.008000
2025-01-13 12:23:34.350, Z Accel:, 1022.543000
2025-01-13 12:23:34.417, X Accel:, -6.222000
2025-01-13 12:23:34.483, Y Accel:, 16.897000
2025-01-13 12:23:34.544, Z Accel:, -6.405000
2025-01-13 12:23:34.610, X Accel:, -6.954000
2025-01-13 12:23:34.677, Y Accel:, 18.483000
2025-01-13 12:23:34.737, Z Accel:, -7.259000
2025-01-13 12:23:34.803, X Accel:, -4.819000
2025-01-13 12:23:34.868, Y Accel:, 19.947000
2025-01-13 12:23:34.934, Z Accel:, 1020.530000
2025-01-13 12:23:35.001, X Accel:, -6.466000
2025-01-13 12:23:35.067, Y Accel:, 19.886000
2025-01-13 12:23:35.133, Z Accel:, -3.233000
2025-01-13 12:23:35.193, X Accel:, -6.466000
2025-01-13 12:23:35.259, Y Accel:, 20.618000
2025-01-13 12:23:35.324, Z Accel:, -3.965000
2025-01-13 12:23:35.384, X Accel:, -5.185000
2025-01-13 12:23:35.451, Y Accel:, 22.143000
2025-01-13 12:23:35.517, Z Accel:, -7.808000
2025-01-13 12:23:35.577, X Accel:, -4.575000
2025-01-13 12:23:35.643, Y Accel:, -2.501000
2025-01-13 12:23:35.714, Z Accel:, 1006.866000
2025-01-13 12:23:35.784, X Accel:, -14.274000
2025-01-13 12:23:35.844, Y Accel:, -7.686000
2025-01-13 12:23:35.909, Z Accel:, -6.893000
2025-01-13 12:23:35.979, X Accel:, -15.494000
2025-01-13 12:23:36.039, Y Accel:, -6.466000
2025-01-13 12:23:36.111, Z Accel:, 1000.156000
2025-01-13 12:23:36.177, X Accel:, -3.965000
2025-01-13 12:23:36.236, Y Accel:, -6.039000
2025-01-13 12:23:36.302, Z Accel:, -1.952000
2025-01-13 12:23:36.369, X Accel:, -0.305000
2025-01-13 12:23:36.435, Y Accel:, 36.051000
2025-01-13 12:23:36.501, Z Accel:, 1019.859000
2025-01-13 12:23:36.567, X Accel:, -3.355000
2025-01-13 12:23:36.633, Y Accel:, -0.976000
2025-01-13 12:23:36.693, Z Accel:, -5.856000
2025-01-13 12:23:36.759, X Accel:, -8.662000
2025-01-13 12:23:36.825, Y Accel:, 18.361000
2025-01-13 12:23:36.884, Z Accel:, -4.270000
2025-01-13 12:23:36.951, X Accel:, -6.466000
2025-01-13 12:23:37.017, Y Accel:, -1.464000
2025-01-13 12:23:37.089, Z Accel:, 1002.474000
2025-01-13 12:23:37.152, X Accel:, -13.359000
2025-01-13 12:23:37.218, Y Accel:, 18.483000
2025-01-13 12:23:37.290, Z Accel:, 1020.286000
2025-01-13 12:23:37.359, X Accel:, -11.834000
2025-01-13 12:23:37.417, Y Accel:, 4.575000
2025-01-13 12:23:37.483, Z Accel:, -5.002000
2025-01-13 12:23:37.552, X Accel:, -11.285000
2025-01-13 12:23:37.612, Y Accel:, -2.501000
2025-01-13 12:23:37.684, Z Accel:, 1002.962000
2025-01-13 12:23:37.753, X Accel:, -10.675000
2025-01-13 12:23:37.813, Y Accel:, 35.502000
2025-01-13 12:23:37.885, Z Accel:, 1015.833000
2025-01-13 12:23:37.951, X Accel:, -2.806000
2025-01-13 12:23:38.017, Y Accel:, 35.014000
2025-01-13 12:23:38.083, Z Accel:, 1016.565000
2025-01-13 12:23:38.153, X Accel:, -13.603000
2025-01-13 12:23:38.219, Y Accel:, 21.289000
2025-01-13 12:23:38.279, Z Accel:, -2.562000
2025-01-13 12:23:38.345, X Accel:, -4.331000
2025-01-13 12:23:38.410, Y Accel:, 37.820000
2025-01-13 12:23:38.476, Z Accel:, 1034.804000
2025-01-13 12:23:38.542, X Accel:, -2.501000
2025-01-13 12:23:38.609, Y Accel:, 20.252000
2025-01-13 12:23:38.669, Z Accel:, -2.684000
2025-01-13 12:23:38.735, X Accel:, -9.516000
2025-01-13 12:23:38.801, Y Accel:, -0.549000
2025-01-13 12:23:38.872, Z Accel:, 1032.669000
2025-01-13 12:23:38.933, X Accel:, -4.819000
2025-01-13 12:23:38.999, Y Accel:, -3.355000
2025-01-13 12:23:39.071, Z Accel:, 1022.787000
2025-01-13 12:23:39.131, X Accel:, -6.100000
2025-01-13 12:23:39.194, Y Accel:, 1.037000
2025-01-13 12:23:39.260, Z Accel:, -0.671000
2025-01-13 12:23:39.320, X Accel:, -6.588000
2025-01-13 12:23:39.386, Y Accel:, -7.442000
2025-01-13 12:23:39.452, Z Accel:, -0.732000
2025-01-13 12:23:39.512, X Accel:, -2.379000
2025-01-13 12:23:39.578, Y Accel:, -8.235000
2025-01-13 12:23:39.650, Z Accel:, 1035.048000
2025-01-13 12:23:39.714, X Accel:, 7.198000
2025-01-13 12:23:39.778, Y Accel:, -10.858000
2025-01-13 12:23:39.844, Z Accel:, -3.477000
2025-01-13 12:23:39.910, X Accel:, -5.002000
2025-01-13 12:23:39.970, Y Accel:, -4.392000
2025-01-13 12:23:40.036, Z Accel:, -2.440000
2025-01-13 12:23:40.099, X Accel:, 6.100000
2025-01-13 12:23:40.159, Y Accel:, -2.135000
2025-01-13 12:23:40.231, Z Accel:, 1019.737000
2025-01-13 12:23:40.297, X Accel:, -2.196000
2025-01-13 12:23:40.355, Y Accel:, 5.978000
2025-01-13 12:23:40.428, Z Accel:, 1007.110000
2025-01-13 12:23:40.494, X Accel:, -3.477000
2025-01-13 12:23:40.561, Y Accel:, -6.771000
2025-01-13 12:23:40.620, Z Accel:, -3.050000
2025-01-13 12:23:40.686, X Accel:, -4.270000
2025-01-13 12:23:40.752, Y Accel:, 15.799000
2025-01-13 12:23:40.812, Z Accel:, -5.246000
2025-01-13 12:23:40.882, X Accel:, -29.280000
2025-01-13 12:23:40.948, Y Accel:, 21.106000
2025-01-13 12:23:41.014, Z Accel:, 1081.896000
2025-01-13 12:23:41.083, X Accel:, -71.126000
2025-01-13 12:23:41.149, Y Accel:, -7.320000
2025-01-13 12:23:41.218, Z Accel:, 999.790000
2025-01-13 12:23:41.281, X Accel:, -62.342000
2025-01-13 12:23:41.347, Y Accel:, -4.331000
2025-01-13 12:23:41.413, Z Accel:, -6.588000
2025-01-13 12:23:41.473, X Accel:, -4.453000
2025-01-13 12:23:41.539, Y Accel:, 37.820000
2025-01-13 12:23:41.611, Z Accel:, 1019.554000
2025-01-13 12:23:41.674, X Accel:, -56.974000
2025-01-13 12:23:41.741, Y Accel:, 33.916000
2025-01-13 12:23:41.807, Z Accel:, -2.440000
2025-01-13 12:23:41.876, X Accel:, -46.116000
2025-01-13 12:23:41.935, Y Accel:, -5.490000
2025-01-13 12:23:42.007, Z Accel:, 1035.292000
2025-01-13 12:23:42.076, X Accel:, -28.487000
2025-01-13 12:23:42.137, Y Accel:, 20.252000
2025-01-13 12:23:42.204, Z Accel:, -7.015000
2025-01-13 12:23:42.269, X Accel:, -5.856000
2025-01-13 12:23:42.330, Y Accel:, -5.734000
2025-01-13 12:23:42.395, Z Accel:, -0.549000
2025-01-13 12:23:42.465, X Accel:, -11.651000
2025-01-13 12:23:42.531, Y Accel:, 22.753000
2025-01-13 12:23:42.591, Z Accel:, -2.562000
2025-01-13 12:23:42.656, X Accel:, -8.479000
2025-01-13 12:23:42.722, Y Accel:, 19.703000
2025-01-13 12:23:42.788, Z Accel:, 1031.144000
2025-01-13 12:23:42.852, X Accel:, 6.100000
2025-01-13 12:23:42.918, Y Accel:, -0.793000
2025-01-13 12:23:42.979, Z Accel:, -4.941000
2025-01-13 12:23:43.043, X Accel:, 6.344000
2025-01-13 12:23:43.110, Y Accel:, -2.440000
2025-01-13 12:23:43.170, Z Accel:, -3.477000
2025-01-13 12:23:43.237, X Accel:, -6.832000
2025-01-13 12:23:43.302, Y Accel:, 18.544000
2025-01-13 12:23:43.363, Z Accel:, -6.832000
2025-01-13 12:23:43.430, X Accel:, -2.135000
2025-01-13 12:23:43.495, Y Accel:, -0.183000
2025-01-13 12:23:43.556, Z Accel:, -1.769000
2025-01-13 12:23:43.621, X Accel:, -7.076000
2025-01-13 12:23:43.688, Y Accel:, 17.324000
2025-01-13 12:23:43.760, Z Accel:, 1031.571000
2025-01-13 12:23:43.823, X Accel:, -23.912000
2025-01-13 12:23:43.888, Y Accel:, -4.087000
2025-01-13 12:23:43.961, Z Accel:, 1022.543000
2025-01-13 12:23:44.021, X Accel:, -6.344000
2025-01-13 12:23:44.084, Y Accel:, 6.649000
2025-01-13 12:23:44.150, Z Accel:, -0.122000
2025-01-13 12:23:44.210, X Accel:, -6.954000
2025-01-13 12:23:44.276, Y Accel:, -4.453000
2025-01-13 12:23:44.348, Z Accel:, 1035.353000
2025-01-13 12:23:44.417, X Accel:, -15.494000
2025-01-13 12:23:44.477, Y Accel:, -7.381000
2025-01-13 12:23:44.542, Z Accel:, -1.220000
2025-01-13 12:23:44.609, X Accel:, -9.089000
2025-01-13 12:23:44.669, Y Accel:, -2.989000
2025-01-13 12:23:44.734, Z Accel:, -7.625000
2025-01-13 12:23:44.803, X Accel:, -10.065000
2025-01-13 12:23:44.864, Y Accel:, -6.466000
2025-01-13 12:23:44.935, Z Accel:, 1000.949000
2025-01-13 12:23:45.004, X Accel:, -11.895000
2025-01-13 12:23:45.071, Y Accel:, 20.862000
2025-01-13 12:23:45.137, Z Accel:, 1032.303000
2025-01-13 12:23:45.203, X Accel:, -4.453000
2025-01-13 12:23:45.269, Y Accel:, -1.342000
2025-01-13 12:23:45.341, Z Accel:, 1022.482000
2025-01-13 12:23:45.402, X Accel:, -4.087000
2025-01-13 12:23:45.469, Y Accel:, 18.178000
2025-01-13 12:23:45.541, Z Accel:, 1006.195000
2025-01-13 12:23:45.604, X Accel:, -26.230000
2025-01-13 12:23:45.668, Y Accel:, 0.671000
2025-01-13 12:23:45.740, Z Accel:, 1006.134000
2025-01-13 12:23:45.801, X Accel:, -7.564000
2025-01-13 12:23:45.867, Y Accel:, 19.520000
2025-01-13 12:23:45.939, Z Accel:, 1018.151000
2025-01-13 12:23:46.008, X Accel:, -27.511000
2025-01-13 12:23:46.068, Y Accel:, -6.832000
2025-01-13 12:23:46.134, Z Accel:, -7.686000
2025-01-13 12:23:46.203, X Accel:, -28.792000
2025-01-13 12:23:46.264, Y Accel:, -3.843000
2025-01-13 12:23:46.336, Z Accel:, 1017.236000
2025-01-13 12:23:46.406, X Accel:, -27.450000
2025-01-13 12:23:46.473, Y Accel:, -3.538000
2025-01-13 12:23:46.539, Z Accel:, 1018.151000
2025-01-13 12:23:46.609, X Accel:, -27.023000
2025-01-13 12:23:46.675, Y Accel:, 17.507000
2025-01-13 12:23:46.741, Z Accel:, 1018.944000
2025-01-13 12:23:46.806, X Accel:, -1.220000
2025-01-13 12:23:46.873, Y Accel:, 20.923000
2025-01-13 12:23:46.939, Z Accel:, -6.649000
2025-01-13 12:23:46.999, X Accel:, -6.222000
2025-01-13 12:23:47.065, Y Accel:, -3.477000
2025-01-13 12:23:47.137, Z Accel:, 1021.506000
2025-01-13 12:23:47.198, X Accel:, -2.013000
2025-01-13 12:23:47.264, Y Accel:, -5.368000
2025-01-13 12:23:47.334, Z Accel:, 910.791000
2025-01-13 12:23:47.395, X Accel:, -5.612000
2025-01-13 12:23:47.461, Y Accel:, -3.111000
2025-01-13 12:23:47.534, Z Accel:, 1046.577000
2025-01-13 12:23:47.600, X Accel:, -6.893000
2025-01-13 12:23:47.661, Y Accel:, -1.830000
2025-01-13 12:23:47.734, Z Accel:, 1046.699000
2025-01-13 12:23:47.803, X Accel:, -40.443000
2025-01-13 12:23:47.869, Y Accel:, -3.111000
2025-01-13 12:23:47.929, Z Accel:, -2.135000
2025-01-13 12:23:47.995, X Accel:, -3.477000
2025-01-13 12:23:48.061, Y Accel:, 66.795000
2025-01-13 12:23:48.127, Z Accel:, 1005.707000
2025-01-13 12:23:48.196, X Accel:, -26.352000
2025-01-13 12:23:48.266, Y Accel:, -56.425000
2025-01-13 12:23:48.338, Z Accel:, 1021.567000
2025-01-13 12:23:48.398, X Accel:, -5.490000
2025-01-13 12:23:48.470, Y Accel:, -134.993000
2025-01-13 12:23:48.542, Z Accel:, 1034.255000
2025-01-13 12:23:48.602, X Accel:, -0.427000
2025-01-13 12:23:48.669, Y Accel:, -5.063000
2025-01-13 12:23:48.735, Z Accel:, -3.782000
2025-01-13 12:23:48.795, X Accel:, -5.124000
2025-01-13 12:23:48.861, Y Accel:, -2.318000
2025-01-13 12:23:48.933, Z Accel:, 1017.968000
2025-01-13 12:23:48.999, X Accel:, -8.845000
2025-01-13 12:23:49.059, Y Accel:, 34.343000
2025-01-13 12:23:49.132, Z Accel:, 1019.371000
2025-01-13 12:23:49.196, X Accel:, 1.220000
2025-01-13 12:23:49.255, Y Accel:, -2.440000
2025-01-13 12:23:49.322, Z Accel:, -6.344000
2025-01-13 12:23:49.391, X Accel:, -30.805000
2025-01-13 12:23:49.451, Y Accel:, 38.430000
2025-01-13 12:23:49.523, Z Accel:, 1032.913000
2025-01-13 12:23:49.592, X Accel:, -54.717000
2025-01-13 12:23:49.659, Y Accel:, 36.112000
2025-01-13 12:23:49.719, Z Accel:, -6.771000
2025-01-13 12:23:49.788, X Accel:, -60.207000
2025-01-13 12:23:49.854, Y Accel:, 81.008000
2025-01-13 12:23:49.914, Z Accel:, -4.087000
2025-01-13 12:23:49.977, X Accel:, 1.647000
2025-01-13 12:23:50.046, Y Accel:, -45.079000
2025-01-13 12:23:50.106, Z Accel:, -7.259000
2025-01-13 12:23:50.175, X Accel:, -30.378000
2025-01-13 12:23:50.244, Y Accel:, -54.839000
2025-01-13 12:23:50.310, Z Accel:, -1.952000
2025-01-13 12:23:50.376, X Accel:, -108.031000
2025-01-13 12:23:50.442, Y Accel:, 20.679000
2025-01-13 12:23:50.509, Z Accel:, -5.063000
2025-01-13 12:23:50.574, X Accel:, -101.870000
2025-01-13 12:23:50.640, Y Accel:, -2.806000
2025-01-13 12:23:50.712, Z Accel:, 1034.011000
2025-01-13 12:23:50.781, X Accel:, -91.622000
2025-01-13 12:23:50.842, Y Accel:, -6.222000
2025-01-13 12:23:50.914, Z Accel:, 1115.446000
2025-01-13 12:23:50.981, X Accel:, -3.904000
2025-01-13 12:23:51.043, Y Accel:, -77.348000
2025-01-13 12:23:51.110, Z Accel:, -5.612000
2025-01-13 12:23:51.175, X Accel:, 17.080000
2025-01-13 12:23:51.239, Y Accel:, -27.450000
2025-01-13 12:23:51.311, Z Accel:, 1688.297000
2025-01-13 12:23:51.377, X Accel:, -5.307000
2025-01-13 12:23:51.444, Y Accel:, -1.464000
2025-01-13 12:23:51.504, Z Accel:, -4.575000
2025-01-13 12:23:51.566, X Accel:, 0.061000
2025-01-13 12:23:51.633, Y Accel:, -0.549000
2025-01-13 12:23:51.700, Z Accel:, 1721.054000
2025-01-13 12:23:51.765, X Accel:, -5.795000
2025-01-13 12:23:51.832, Y Accel:, -5.734000
2025-01-13 12:23:51.891, Z Accel:, -5.795000
2025-01-13 12:23:51.960, X Accel:, -10.248000
2025-01-13 12:23:52.030, Y Accel:, -72.529000
2025-01-13 12:23:52.095, Z Accel:, -7.503000
2025-01-13 12:23:52.153, X Accel:, 6.527000
2025-01-13 12:23:52.226, Y Accel:, -120.902000
2025-01-13 12:23:52.292, Z Accel:, -2.013000
2025-01-13 12:23:52.353, X Accel:, -6.893000
2025-01-13 12:23:52.420, Y Accel:, -0.488000
2025-01-13 12:23:52.486, Z Accel:, -1.342000
2025-01-13 12:23:52.546, X Accel:, -5.978000
2025-01-13 12:23:52.612, Y Accel:, -2.318000
2025-01-13 12:23:52.677, Z Accel:, -1.464000
2025-01-13 12:23:52.744, X Accel:, -3.477000
2025-01-13 12:23:52.807, Y Accel:, -89.365000
2025-01-13 12:23:52.876, Z Accel:, 375.028000
2025-01-13 12:23:52.943, X Accel:, -2.623000
2025-01-13 12:23:53.006, Y Accel:, -62.403000
2025-01-13 12:23:53.073, Z Accel:, -7.503000
2025-01-13 12:23:53.140, X Accel:, -3.660000
2025-01-13 12:23:53.200, Y Accel:, -1.708000
2025-01-13 12:23:53.266, Z Accel:, -3.843000
2025-01-13 12:23:53.332, X Accel:, -1.464000
2025-01-13 12:23:53.401, Y Accel:, 328.851000
2025-01-13 12:23:53.467, Z Accel:, -355.874000
2025-01-13 12:23:53.532, X Accel:, -0.671000
2025-01-13 12:23:53.599, Y Accel:, -2.501000
2025-01-13 12:23:53.659, Z Accel:, -2.257000
2025-01-13 12:23:53.724, X Accel:, -7.137000
2025-01-13 12:23:53.794, Y Accel:, 205.326000
2025-01-13 12:23:53.794, Exiting
2025-01-14 17:47:33.105, Program Started
2025-01-14 17:48:28.539, Program Started
2025-01-14 17:48:34.662, Exiting
2025-01-14 17:50:13.222, Program Started
2025-01-14 17:50:13.222, Got Fatal error - could not open port 'COM3': PermissionError(13, 'Access is denied.', None, 5)
2025-01-14 17:50:23.094, Program Started
2025-01-14 17:50:23.094, Got Fatal error - could not open port 'COM3': PermissionError(13, 'Access is denied.', None, 5)
2025-01-14 17:50:24.176, Program Started
2025-01-14 17:50:24.177, Got Fatal error - could not open port 'COM3': PermissionError(13, 'Access is denied.', None, 5)
2025-01-14 17:51:05.364, Program Started
2025-01-14 17:51:05.364, Got Fatal error - could not open port 'COM3': PermissionError(13, 'Access is denied.', None, 5)
2025-01-14 18:05:22.593, Program Started
2025-01-14 18:05:22.762, X Accel:, -2.684000
2025-01-14 18:05:22.828, Y Accel:, 20.435000
2025-01-14 18:05:22.900, Z Accel:, 1016.992000
2025-01-14 18:05:22.957, Data is not ready
2025-01-14 18:05:23.022, X Accel:, -2.257000
2025-01-14 18:05:23.089, Y Accel:, 19.337000
2025-01-14 18:05:23.161, Z Accel:, 1021.323000
2025-01-14 18:05:23.218, Data is not ready
2025-01-14 18:05:23.281, Data is not ready
2025-01-14 18:05:23.347, X Accel:, -1.586000
2025-01-14 18:05:23.407, Y Accel:, 18.056000
2025-01-14 18:05:23.479, Z Accel:, 1031.388000
2025-01-14 18:05:23.545, X Accel:, -3.172000
2025-01-14 18:05:23.605, Y Accel:, 17.751000
2025-01-14 18:05:23.677, Z Accel:, 1016.321000
2025-01-14 18:05:23.740, Data is not ready
2025-01-14 18:05:23.797, Data is not ready
2025-01-14 18:05:23.862, X Accel:, -4.575000
2025-01-14 18:05:23.929, Y Accel:, 16.836000
2025-01-14 18:05:23.989, Z Accel:, -0.305000
2025-01-14 18:05:24.052, Data is not ready
2025-01-14 18:05:24.118, X Accel:, -2.806000
2025-01-14 18:05:24.178, Y Accel:, 18.056000
2025-01-14 18:05:24.250, Z Accel:, 1019.615000
2025-01-14 18:05:24.317, X Accel:, -2.013000
2025-01-14 18:05:24.383, Y Accel:, 16.958000
2025-01-14 18:05:24.444, Z Accel:, -5.856000
2025-01-14 18:05:24.507, Data is not ready
2025-01-14 18:05:24.564, Data is not ready
2025-01-14 18:05:24.630, X Accel:, -2.257000
2025-01-14 18:05:24.696, Y Accel:, 16.592000
2025-01-14 18:05:24.762, Z Accel:, -5.551000
2025-01-14 18:05:24.819, Data is not ready
2025-01-14 18:05:24.882, Data is not ready
2025-01-14 18:05:24.942, X Accel:, -3.965000
2025-01-14 18:05:25.008, Y Accel:, 16.958000
2025-01-14 18:05:25.080, Z Accel:, 1022.299000
2025-01-14 18:05:25.146, X Accel:, -1.525000
2025-01-14 18:05:25.206, Y Accel:, 20.740000
2025-01-14 18:05:25.273, Z Accel:, -6.954000
2025-01-14 18:05:25.336, Data is not ready
2025-01-14 18:05:25.393, Data is not ready
2025-01-14 18:05:25.459, X Accel:, -1.708000
2025-01-14 18:05:25.525, Y Accel:, 19.947000
2025-01-14 18:05:25.590, Z Accel:, 1017.602000
2025-01-14 18:05:25.654, Data is not ready
2025-01-14 18:05:25.717, Data is not ready
2025-01-14 18:05:25.777, X Accel:, -1.830000
2025-01-14 18:05:25.843, Y Accel:, 21.045000
2025-01-14 18:05:25.909, Z Accel:, -5.978000
2025-01-14 18:05:25.969, X Accel:, -1.708000
2025-01-14 18:05:26.035, Y Accel:, 18.544000
2025-01-14 18:05:26.108, Z Accel:, 1020.408000
2025-01-14 18:05:26.165, Data is not ready
2025-01-14 18:05:26.227, Data is not ready
2025-01-14 18:05:26.293, X Accel:, -1.403000
2025-01-14 18:05:26.353, Y Accel:, 18.544000
2025-01-14 18:05:26.425, Z Accel:, 1017.480000
2025-01-14 18:05:26.488, Data is not ready
2025-01-14 18:05:26.554, X Accel:, -2.623000
2025-01-14 18:05:26.616, Y Accel:, 17.202000
2025-01-14 18:05:26.687, Z Accel:, 1021.506000
2025-01-14 18:05:26.754, X Accel:, -2.562000
2025-01-14 18:05:26.815, Y Accel:, 21.472000
2025-01-14 18:05:26.881, Z Accel:, -6.405000
2025-01-14 18:05:26.944, Data is not ready
2025-01-14 18:05:27.002, Data is not ready
2025-01-14 18:05:27.068, X Accel:, -2.684000
2025-01-14 18:05:27.134, Y Accel:, 21.533000
2025-01-14 18:05:27.193, Z Accel:, -6.466000
2025-01-14 18:05:27.256, Data is not ready
2025-01-14 18:05:27.320, Data is not ready
2025-01-14 18:05:27.379, X Accel:, -4.758000
2025-01-14 18:05:27.445, Y Accel:, 20.679000
2025-01-14 18:05:27.517, Z Accel:, 1017.053000
2025-01-14 18:05:27.583, X Accel:, -1.525000
2025-01-14 18:05:27.644, Y Accel:, 23.058000
2025-01-14 18:05:27.711, Z Accel:, -7.259000
2025-01-14 18:05:27.773, Data is not ready
2025-01-14 18:05:27.831, Data is not ready
2025-01-14 18:05:27.897, X Accel:, -1.037000
2025-01-14 18:05:27.962, Y Accel:, 20.740000
2025-01-14 18:05:28.029, Z Accel:, 1020.652000
2025-01-14 18:05:28.093, Data is not ready
2025-01-14 18:05:28.159, X Accel:, -2.196000
2025-01-14 18:05:28.220, Y Accel:, 20.923000
2025-01-14 18:05:28.286, Z Accel:, -3.843000
2025-01-14 18:05:28.352, X Accel:, -4.758000
2025-01-14 18:05:28.411, Y Accel:, 19.703000
2025-01-14 18:05:28.483, Z Accel:, 1019.310000
2025-01-14 18:05:28.547, Data is not ready
2025-01-14 18:05:28.603, Data is not ready
2025-01-14 18:05:28.669, X Accel:, -6.039000
2025-01-14 18:05:28.735, Y Accel:, 19.825000
2025-01-14 18:05:28.795, Z Accel:, -7.442000
2025-01-14 18:05:28.859, Data is not ready
2025-01-14 18:05:28.921, Data is not ready
2025-01-14 18:05:28.983, X Accel:, -2.867000
2025-01-14 18:05:29.048, Y Accel:, 20.069000
2025-01-14 18:05:29.115, Z Accel:, -6.039000
2025-01-14 18:05:29.181, X Accel:, -3.599000
2025-01-14 18:05:29.240, Y Accel:, 19.398000
2025-01-14 18:05:29.306, Z Accel:, -3.965000
2025-01-14 18:05:29.370, Data is not ready
2025-01-14 18:05:29.427, Data is not ready
2025-01-14 18:05:29.492, X Accel:, -1.464000
2025-01-14 18:05:29.558, Y Accel:, 18.178000
2025-01-14 18:05:29.625, Z Accel:, 1020.286000
2025-01-14 18:05:29.688, Data is not ready
2025-01-14 18:05:29.751, Data is not ready
2025-01-14 18:05:29.810, X Accel:, -2.379000
2025-01-14 18:05:29.877, Y Accel:, 20.435000
2025-01-14 18:05:29.942, Z Accel:, -6.283000
2025-01-14 18:05:30.006, X Accel:, -14.518000
2025-01-14 18:05:30.072, Y Accel:, 20.069000
2025-01-14 18:05:30.144, Z Accel:, 1021.567000
2025-01-14 18:05:30.201, Data is not ready
2025-01-14 18:05:30.267, X Accel:, -0.305000
2025-01-14 18:05:30.332, Y Accel:, 19.459000
2025-01-14 18:05:30.405, Z Accel:, 1022.604000
2025-01-14 18:05:30.462, Data is not ready
2025-01-14 18:05:30.526, Data is not ready
2025-01-14 18:05:30.593, X Accel:, -0.671000
2025-01-14 18:05:30.652, Y Accel:, 17.629000
2025-01-14 18:05:30.724, Z Accel:, 1020.957000
2025-01-14 18:05:30.791, X Accel:, -0.488000
2025-01-14 18:05:30.852, Y Accel:, 18.239000
2025-01-14 18:05:30.918, Z Accel:, -5.673000
2025-01-14 18:05:30.981, Data is not ready
2025-01-14 18:05:31.039, Data is not ready
2025-01-14 18:05:31.105, X Accel:, -0.305000
2025-01-14 18:05:31.170, Y Accel:, 18.056000
2025-01-14 18:05:31.242, Z Accel:, 1019.737000
2025-01-14 18:05:31.300, Data is not ready
2025-01-14 18:05:31.362, Data is not ready
2025-01-14 18:05:31.429, X Accel:, -0.549000
2025-01-14 18:05:31.489, Y Accel:, 20.435000
2025-01-14 18:05:31.561, Z Accel:, 1022.299000
2025-01-14 18:05:31.623, X Accel:, 3.843000
2025-01-14 18:05:31.684, Y Accel:, 22.509000
2025-01-14 18:05:31.756, Z Accel:, 1049.627000
2025-01-14 18:05:31.819, Data is not ready
2025-01-14 18:05:31.879, X Accel:, -7.686000
2025-01-14 18:05:31.945, Y Accel:, 21.045000
2025-01-14 18:05:32.011, Z Accel:, -0.854000
2025-01-14 18:05:32.068, Data is not ready
2025-01-14 18:05:32.131, Data is not ready
2025-01-14 18:05:32.197, X Accel:, -1.830000
2025-01-14 18:05:32.257, Y Accel:, -2.562000
2025-01-14 18:05:32.326, Z Accel:, 956.846000
2025-01-14 18:05:32.389, Data is not ready
2025-01-14 18:05:32.455, X Accel:, -1.220000
2025-01-14 18:05:32.515, Y Accel:, 20.374000
2025-01-14 18:05:32.581, Z Accel:, -4.575000
2025-01-14 18:05:32.644, Data is not ready
2025-01-14 18:05:32.707, X Accel:, -25.437000
2025-01-14 18:05:32.772, Y Accel:, 20.496000
2025-01-14 18:05:32.846, Z Accel:, 1036.268000
2025-01-14 18:05:32.903, Data is not ready
2025-01-14 18:05:32.972, X Accel:, -13.115000
2025-01-14 18:05:33.039, Y Accel:, 15.738000
2025-01-14 18:05:33.098, Z Accel:, -7.625000
2025-01-14 18:05:33.162, Data is not ready
2025-01-14 18:05:33.229, X Accel:, -5.124000
2025-01-14 18:05:33.295, Y Accel:, 19.642000
2025-01-14 18:05:33.361, Z Accel:, 1053.165000
2025-01-14 18:05:33.424, Data is not ready
2025-01-14 18:05:33.490, X Accel:, -2.745000
2025-01-14 18:05:33.550, Y Accel:, 20.252000
2025-01-14 18:05:33.619, Z Accel:, 990.579000
2025-01-14 18:05:33.683, Data is not ready
2025-01-14 18:05:33.740, Data is not ready
2025-01-14 18:05:33.807, X Accel:, -4.209000
2025-01-14 18:05:33.872, Y Accel:, 18.727000
2025-01-14 18:05:33.932, Z Accel:, -3.294000
2025-01-14 18:05:33.999, X Accel:, -5.124000
2025-01-14 18:05:34.065, Y Accel:, 21.533000
2025-01-14 18:05:34.137, Z Accel:, 1022.238000
2025-01-14 18:05:34.194, Data is not ready
2025-01-14 18:05:34.257, Data is not ready
2025-01-14 18:05:34.324, X Accel:, -5.002000
2025-01-14 18:05:34.384, Y Accel:, 18.727000
2025-01-14 18:05:34.450, Z Accel:, -5.734000
2025-01-14 18:05:34.513, Data is not ready
2025-01-14 18:05:34.573, X Accel:, -5.734000
2025-01-14 18:05:34.639, Y Accel:, 21.899000
2025-01-14 18:05:34.712, Z Accel:, 1015.772000
2025-01-14 18:05:34.772, X Accel:, -1.647000
2025-01-14 18:05:34.838, Y Accel:, 20.374000
2025-01-14 18:05:34.909, Z Accel:, 1015.772000
2025-01-14 18:05:34.972, Data is not ready
2025-01-14 18:05:35.029, Data is not ready
2025-01-14 18:05:35.095, X Accel:, -1.769000
2025-01-14 18:05:35.156, Y Accel:, 20.191000
2025-01-14 18:05:35.222, Z Accel:, -6.527000
2025-01-14 18:05:35.285, Data is not ready
2025-01-14 18:05:35.341, Data is not ready
2025-01-14 18:05:35.407, X Accel:, -3.477000
2025-01-14 18:05:35.474, Y Accel:, 19.520000
2025-01-14 18:05:35.540, Z Accel:, -7.259000
2025-01-14 18:05:35.600, X Accel:, -1.830000
2025-01-14 18:05:35.666, Y Accel:, -7.747000
2025-01-14 18:05:35.731, Z Accel:, -7.198000
2025-01-14 18:05:35.788, Data is not ready
2025-01-14 18:05:35.852, Data is not ready
2025-01-14 18:05:35.914, X Accel:, 3.904000
2025-01-14 18:05:35.975, Y Accel:, -6.100000
2025-01-14 18:05:36.046, Z Accel:, 1047.858000
2025-01-14 18:05:36.110, Data is not ready
2025-01-14 18:05:36.169, X Accel:, -8.967000
2025-01-14 18:05:36.236, Y Accel:, 20.801000
2025-01-14 18:05:36.302, Z Accel:, -0.793000
2025-01-14 18:05:36.358, Data is not ready
2025-01-14 18:05:36.424, X Accel:, -7.381000
2025-01-14 18:05:36.490, Y Accel:, -5.185000
2025-01-14 18:05:36.556, Z Accel:, 1005.951000
2025-01-14 18:05:36.619, Data is not ready
2025-01-14 18:05:36.686, X Accel:, -1.159000
2025-01-14 18:05:36.745, Y Accel:, -7.564000
2025-01-14 18:05:36.818, Z Accel:, 1047.004000
2025-01-14 18:05:36.880, Data is not ready
2025-01-14 18:05:36.944, Data is not ready
2025-01-14 18:05:37.007, X Accel:, -14.152000
2025-01-14 18:05:37.072, Y Accel:, -2.440000
2025-01-14 18:05:37.144, Z Accel:, 1021.811000
2025-01-14 18:05:37.208, X Accel:, -10.919000
2025-01-14 18:05:37.274, Y Accel:, 17.507000
2025-01-14 18:05:37.340, Z Accel:, -7.625000
2025-01-14 18:05:37.396, Data is not ready
2025-01-14 18:05:37.460, Data is not ready
2025-01-14 18:05:37.530, X Accel:, -13.115000
2025-01-14 18:05:37.587, Y Accel:, 6.649000
2025-01-14 18:05:37.659, Z Accel:, 1015.894000
2025-01-14 18:05:37.721, Data is not ready
2025-01-14 18:05:37.788, X Accel:, -6.222000
2025-01-14 18:05:37.847, Y Accel:, 17.019000
2025-01-14 18:05:37.914, Z Accel:, -2.196000
2025-01-14 18:05:37.980, X Accel:, -1.830000
2025-01-14 18:05:38.040, Y Accel:, 21.960000
2025-01-14 18:05:38.106, Z Accel:, -7.320000
2025-01-14 18:05:38.169, Data is not ready
2025-01-14 18:05:38.226, Data is not ready
2025-01-14 18:05:38.295, X Accel:, -15.494000
2025-01-14 18:05:38.362, Y Accel:, -2.013000
2025-01-14 18:05:38.422, Z Accel:, -3.904000
2025-01-14 18:05:38.485, Data is not ready
2025-01-14 18:05:38.547, Data is not ready
2025-01-14 18:05:38.607, X Accel:, -3.111000
2025-01-14 18:05:38.674, Y Accel:, -7.625000
2025-01-14 18:05:38.746, Z Accel:, 1017.236000
2025-01-14 18:05:38.806, X Accel:, -2.196000
2025-01-14 18:05:38.872, Y Accel:, 18.910000
2025-01-14 18:05:38.944, Z Accel:, 1018.273000
2025-01-14 18:05:39.006, Data is not ready
2025-01-14 18:05:39.064, Data is not ready
2025-01-14 18:05:39.130, X Accel:, -4.697000
2025-01-14 18:05:39.195, Y Accel:, 20.191000
2025-01-14 18:05:39.256, Z Accel:, -6.893000
2025-01-14 18:05:39.319, Data is not ready
2025-01-14 18:05:39.385, X Accel:, -1.586000
2025-01-14 18:05:39.445, Y Accel:, 19.093000
2025-01-14 18:05:39.511, Z Accel:, -4.209000
2025-01-14 18:05:39.577, X Accel:, -2.501000
2025-01-14 18:05:39.636, Y Accel:, 19.764000
2025-01-14 18:05:39.709, Z Accel:, 1017.480000
2025-01-14 18:05:39.772, Data is not ready
2025-01-14 18:05:39.829, Data is not ready
2025-01-14 18:05:39.894, X Accel:, -4.575000
2025-01-14 18:05:39.961, Y Accel:, 17.629000
2025-01-14 18:05:40.033, Z Accel:, 1015.467000
2025-01-14 18:05:40.090, Data is not ready
2025-01-14 18:05:40.152, Data is not ready
2025-01-14 18:05:40.219, X Accel:, -3.904000
2025-01-14 18:05:40.279, Y Accel:, 18.849000
2025-01-14 18:05:40.345, Z Accel:, -3.599000
2025-01-14 18:05:40.411, X Accel:, -1.525000
2025-01-14 18:05:40.470, Y Accel:, 22.997000
2025-01-14 18:05:40.537, Z Accel:, -5.734000
2025-01-14 18:05:40.601, Data is not ready
2025-01-14 18:05:40.658, Data is not ready
2025-01-14 18:05:40.723, X Accel:, -4.453000
2025-01-14 18:05:40.790, Y Accel:, 19.886000
2025-01-14 18:05:40.855, Z Accel:, 1018.151000
2025-01-14 18:05:40.919, Data is not ready
2025-01-14 18:05:40.982, Data is not ready
2025-01-14 18:05:41.042, X Accel:, -4.209000
2025-01-14 18:05:41.108, Y Accel:, 20.801000
2025-01-14 18:05:41.174, Z Accel:, -6.954000
2025-01-14 18:05:41.234, X Accel:, -4.148000
2025-01-14 18:05:41.300, Y Accel:, 20.130000
2025-01-14 18:05:41.365, Z Accel:, -6.405000
2025-01-14 18:05:41.423, Data is not ready
2025-01-14 18:05:41.486, Data is not ready
2025-01-14 18:05:41.552, X Accel:, -3.904000
2025-01-14 18:05:41.617, Y Accel:, 19.154000
2025-01-14 18:05:41.678, Z Accel:, -7.381000
2025-01-14 18:05:41.741, Data is not ready
2025-01-14 18:05:41.807, X Accel:, -2.623000
2025-01-14 18:05:41.866, Y Accel:, 19.215000
2025-01-14 18:05:41.933, Z Accel:, -7.381000
2025-01-14 18:05:41.996, Data is not ready
2025-01-14 18:05:42.056, X Accel:, -0.549000
2025-01-14 18:05:42.121, Y Accel:, 17.385000
2025-01-14 18:05:42.188, Z Accel:, -7.198000
2025-01-14 18:05:42.245, Data is not ready
2025-01-14 18:05:42.311, X Accel:, -3.782000
2025-01-14 18:05:42.377, Y Accel:, 19.703000
2025-01-14 18:05:42.442, Z Accel:, 1021.384000
2025-01-14 18:05:42.506, Data is not ready
2025-01-14 18:05:42.569, Data is not ready
2025-01-14 18:05:42.629, X Accel:, -2.806000
2025-01-14 18:05:42.695, Y Accel:, 19.398000
2025-01-14 18:05:42.767, Z Accel:, 1022.299000
2025-01-14 18:05:42.827, X Accel:, -2.623000
2025-01-14 18:05:42.893, Y Accel:, 19.886000
2025-01-14 18:05:42.965, Z Accel:, 1021.018000
2025-01-14 18:05:43.028, Data is not ready
2025-01-14 18:05:43.085, Data is not ready
2025-01-14 18:05:43.151, X Accel:, -2.135000
2025-01-14 18:05:43.217, Y Accel:, 19.642000
2025-01-14 18:05:43.277, Z Accel:, -6.893000
2025-01-14 18:05:43.341, Data is not ready
2025-01-14 18:05:43.407, X Accel:, -1.769000
2025-01-14 18:05:43.466, Y Accel:, 19.032000
2025-01-14 18:05:43.539, Z Accel:, 1022.787000
2025-01-14 18:05:43.605, X Accel:, -1.220000
2025-01-14 18:05:43.664, Y Accel:, 19.276000
2025-01-14 18:05:43.737, Z Accel:, 1021.811000
2025-01-14 18:05:43.800, Data is not ready
2025-01-14 18:05:43.856, Data is not ready
2025-01-14 18:05:43.921, X Accel:, -2.013000
2025-01-14 18:05:43.988, Y Accel:, 16.714000
2025-01-14 18:05:44.060, Z Accel:, 1021.750000
2025-01-14 18:05:44.117, Data is not ready
2025-01-14 18:05:44.181, Data is not ready
2025-01-14 18:05:44.248, X Accel:, -3.660000
2025-01-14 18:05:44.308, Y Accel:, 19.886000
2025-01-14 18:05:44.380, Z Accel:, 1021.140000
2025-01-14 18:05:44.447, X Accel:, -2.013000
2025-01-14 18:05:44.506, Y Accel:, 19.825000
2025-01-14 18:05:44.572, Z Accel:, -6.527000
2025-01-14 18:05:44.635, Data is not ready
2025-01-14 18:05:44.692, Data is not ready
2025-01-14 18:05:44.758, X Accel:, -2.013000
2025-01-14 18:05:44.824, Y Accel:, 19.093000
2025-01-14 18:05:44.885, Z Accel:, -7.564000
2025-01-14 18:05:44.949, Data is not ready
2025-01-14 18:05:45.015, X Accel:, -2.806000
2025-01-14 18:05:45.074, Y Accel:, 20.130000
2025-01-14 18:05:45.147, Z Accel:, 1020.713000
2025-01-14 18:05:45.209, Data is not ready
2025-01-14 18:05:45.275, X Accel:, -4.087000
2025-01-14 18:05:45.336, Y Accel:, 17.934000
2025-01-14 18:05:45.403, Z Accel:, -5.978000
2025-01-14 18:05:45.467, Data is not ready
2025-01-14 18:05:45.527, X Accel:, -3.416000
2025-01-14 18:05:45.592, Y Accel:, 18.178000
2025-01-14 18:05:45.665, Z Accel:, 1020.103000
2025-01-14 18:05:45.722, Data is not ready
2025-01-14 18:05:45.785, Data is not ready
2025-01-14 18:05:45.851, X Accel:, -2.745000
2025-01-14 18:05:45.910, Y Accel:, 17.812000
2025-01-14 18:05:45.977, Z Accel:, -6.649000
2025-01-14 18:05:46.043, X Accel:, -1.708000
2025-01-14 18:05:46.102, Y Accel:, 17.873000
2025-01-14 18:05:46.168, Z Accel:, -7.137000
2025-01-14 18:05:46.232, Data is not ready
2025-01-14 18:05:46.289, Data is not ready
2025-01-14 18:05:46.356, X Accel:, -3.965000
2025-01-14 18:05:46.423, Y Accel:, 18.544000
2025-01-14 18:05:46.490, Z Accel:, -7.137000
2025-01-14 18:05:46.548, Data is not ready
2025-01-14 18:05:46.613, X Accel:, -3.416000
2025-01-14 18:05:46.680, Y Accel:, 19.947000
2025-01-14 18:05:46.740, Z Accel:, -6.222000
2025-01-14 18:05:46.802, Data is not ready
2025-01-14 18:05:46.868, X Accel:, -1.769000
2025-01-14 18:05:46.929, Y Accel:, 21.167000
2025-01-14 18:05:47.001, Z Accel:, 1016.687000
2025-01-14 18:05:47.063, Data is not ready
2025-01-14 18:05:47.124, X Accel:, -3.660000
2025-01-14 18:05:47.190, Y Accel:, 18.788000
2025-01-14 18:05:47.255, Z Accel:, -5.429000
2025-01-14 18:05:47.312, Data is not ready
2025-01-14 18:05:47.376, Data is not ready
2025-01-14 18:05:47.442, X Accel:, -1.037000
2025-01-14 18:05:47.502, Y Accel:, 20.069000
2025-01-14 18:05:47.575, Z Accel:, 1022.116000
2025-01-14 18:05:47.641, X Accel:, -2.928000
2025-01-14 18:05:47.708, Y Accel:, 19.276000
2025-01-14 18:05:47.774, Z Accel:, 1020.408000
2025-01-14 18:05:47.837, Data is not ready
2025-01-14 18:05:47.901, Data is not ready
2025-01-14 18:05:47.961, X Accel:, -2.013000
2025-01-14 18:05:48.027, Y Accel:, 19.459000
2025-01-14 18:05:48.093, Z Accel:, -6.100000
2025-01-14 18:05:48.150, Data is not ready
2025-01-14 18:05:48.216, X Accel:, -1.525000
2025-01-14 18:05:48.281, Y Accel:, 20.618000
2025-01-14 18:05:48.342, Z Accel:, -0.488000
2025-01-14 18:05:48.408, X Accel:, -3.111000
2025-01-14 18:05:48.475, Y Accel:, 17.385000
2025-01-14 18:05:48.541, Z Accel:, 1020.835000
2025-01-14 18:05:48.603, Data is not ready
2025-01-14 18:05:48.667, Data is not ready
2025-01-14 18:05:48.726, X Accel:, -1.952000
2025-01-14 18:05:48.792, Y Accel:, 18.605000
2025-01-14 18:05:48.865, Z Accel:, 1018.517000
2025-01-14 18:05:48.928, Data is not ready
2025-01-14 18:05:48.985, Data is not ready
2025-01-14 18:05:49.051, X Accel:, -2.135000
2025-01-14 18:05:49.116, Y Accel:, 18.971000
2025-01-14 18:05:49.183, Z Accel:, 1022.177000
2025-01-14 18:05:49.249, X Accel:, -1.037000
2025-01-14 18:05:49.315, Y Accel:, 19.154000
2025-01-14 18:05:49.375, Z Accel:, -6.527000
2025-01-14 18:05:49.438, Data is not ready
2025-01-14 18:05:49.501, Data is not ready
2025-01-14 18:05:49.561, X Accel:, -0.976000
2025-01-14 18:05:49.627, Y Accel:, 20.130000
2025-01-14 18:05:49.694, Z Accel:, -7.442000
2025-01-14 18:05:49.751, Data is not ready
2025-01-14 18:05:49.818, X Accel:, -0.915000
2025-01-14 18:05:49.884, Y Accel:, 19.886000
2025-01-14 18:05:49.956, Z Accel:, 1021.018000
2025-01-14 18:05:50.013, Data is not ready
2025-01-14 18:05:50.079, X Accel:, -1.830000
2025-01-14 18:05:50.145, Y Accel:, 19.581000
2025-01-14 18:05:50.211, Z Accel:, 1021.750000
2025-01-14 18:05:50.274, Data is not ready
2025-01-14 18:05:50.340, X Accel:, -3.538000
2025-01-14 18:05:50.400, Y Accel:, 18.544000
2025-01-14 18:05:50.472, Z Accel:, 1020.652000
2025-01-14 18:05:50.536, Data is not ready
2025-01-14 18:05:50.536, Exiting
